<?xml version="1.0" encoding="UTF-8"?>
<testsuite name="models.AnimalRangerTest" tests="1" skipped="0" failures="0" errors="0" timestamp="2020-11-05T07:41:54" hostname="moringa-ThinkPad-X1-Carbon-3rd" time="0.003">
  <properties/>
  <testcase name="animalRanger_instantiatesCorrectly" classname="models.AnimalRangerTest" time="0.003"/>
  <system-out><![CDATA[]]></system-out>
  <system-err><![CDATA[]]></system-err>
</testsuite>
