<?xml version="1.0" encoding="UTF-8"?>
<testsuite name="models.SightingsTest" tests="1" skipped="0" failures="0" errors="0" timestamp="2020-11-02T08:37:15" hostname="moringa-ThinkPad-X1-Carbon-3rd" time="0.006">
  <properties/>
  <testcase name="getAnimalId_returnAnimalName_true" classname="models.SightingsTest" time="0.006"/>
  <system-out><![CDATA[]]></system-out>
  <system-err><![CDATA[]]></system-err>
</testsuite>
